<?xml version="1.0" encoding="UTF-8"?>
<testsuite xmlns:xsi="http://www.w3.org/2001/XMLSchema-instance" xsi:noNamespaceSchemaLocation="https://maven.apache.org/surefire/maven-surefire-plugin/xsd/surefire-test-report.xsd" version="3.0.2" name="TestSuite" time="15.208" tests="2" errors="0" skipped="0" failures="0">
  <properties>
[...]
</properties>
  <testcase name="verify_account_register" classname="testCases.TC001_AccountRegistretionTest" time="1.798">
    <system-out><![CDATA[14:21:27.955 [main] INFO  testCases.TC001_AccountRegistretionTest - Starting TC001_AccountRegistretionTest...
14:21:28.414 [main] INFO  testCases.TC001_AccountRegistretionTest - Clicked on Mylink...
14:21:28.681 [main] INFO  testCases.TC001_AccountRegistretionTest - Clicked on Register...
14:21:29.691 [main] INFO  testCases.TC001_AccountRegistretionTest - Entered customer details...
14:21:29.727 [main] INFO  testCases.TC001_AccountRegistretionTest - Your Account Has Been Created!...
14:21:29.730 [main] INFO  testCases.TC001_AccountRegistretionTest - Ended TC001_AccountRegistretionTest...
]]></system-out>
    <system-err><![CDATA[Sep 06, 2024 2:21:26 PM org.openqa.selenium.devtools.CdpVersionFinder findNearestMatch
WARNING: Unable to find an exact match for CDP version 128, returning the closest version; found: 127; Please update to a Selenium version that supports CDP version 128
]]></system-err>
  </testcase>
  <testcase name="verify_Login" classname="testCases.TC002_LoginTest" time="1.894">
    <system-out><![CDATA[14:21:33.443 [main] INFO  testCases.TC002_LoginTest - ******* Starting TC002_LoginTest ********
14:21:35.335 [main] INFO  testCases.TC002_LoginTest - ******* Finished TC002_LoginTest ********
]]></system-out>
    <system-err><![CDATA[Sep 06, 2024 2:21:32 PM org.openqa.selenium.devtools.CdpVersionFinder findNearestMatch
WARNING: Unable to find an exact match for CDP version 128, returning the closest version; found: 127; Please update to a Selenium version that supports CDP version 128
]]></system-err>
  </testcase>
</testsuite>