<?xml version="1.0" encoding="UTF-8"?>
<testng-results ignored="0" total="2" passed="2" failed="0" skipped="0">
  <reporter-output>
  </reporter-output>
  <suite started-at="2024-09-06T14:21:23 IST" name="Master Suite" finished-at="2024-09-06T14:21:35 IST" duration-ms="12575">
    <groups>
      <group name="Master">
        <method signature="TC001_AccountRegistretionTest.verify_account_register()[pri:0, instance:testCases.TC001_AccountRegistretionTest@4b14c583]" name="verify_account_register" class="testCases.TC001_AccountRegistretionTest"/>
        <method signature="TC002_LoginTest.verify_Login()[pri:0, instance:testCases.TC002_LoginTest@5bd03f44]" name="verify_Login" class="testCases.TC002_LoginTest"/>
      </group> <!-- Master -->
      <group name="Sanity">
        <method signature="TC002_LoginTest.verify_Login()[pri:0, instance:testCases.TC002_LoginTest@5bd03f44]" name="verify_Login" class="testCases.TC002_LoginTest"/>
      </group> <!-- Sanity -->
      <group name="Regression">
        <method signature="TC001_AccountRegistretionTest.verify_account_register()[pri:0, instance:testCases.TC001_AccountRegistretionTest@4b14c583]" name="verify_account_register" class="testCases.TC001_AccountRegistretionTest"/>
      </group> <!-- Regression -->
    </groups>
    <test started-at="2024-09-06T14:21:23 IST" name="Test" finished-at="2024-09-06T14:21:35 IST" duration-ms="12575">
      <class name="testCases.TC001_AccountRegistretionTest">
        <test-method is-config="true" signature="initializeBrowser(java.lang.String,java.lang.String)[pri:0, instance:testCases.TC001_AccountRegistretionTest@4b14c583]" started-at="2024-09-06T14:21:23 IST" name="initializeBrowser" finished-at="2024-09-06T14:21:27 IST" duration-ms="4602" status="PASS">
          <params>
            <param index="0">
              <value>
                <![CDATA[windows]]>
              </value>
            </param>
            <param index="1">
              <value>
                <![CDATA[chrome]]>
              </value>
            </param>
          </params>
          <reporter-output>
          </reporter-output>
        </test-method> <!-- initializeBrowser -->
        <test-method signature="verify_account_register()[pri:0, instance:testCases.TC001_AccountRegistretionTest@4b14c583]" started-at="2024-09-06T14:21:27 IST" name="verify_account_register" finished-at="2024-09-06T14:21:29 IST" duration-ms="1783" status="PASS">
          <reporter-output>
          </reporter-output>
        </test-method> <!-- verify_account_register -->
        <test-method is-config="true" signature="closeBrowser()[pri:0, instance:testCases.TC001_AccountRegistretionTest@4b14c583]" started-at="2024-09-06T14:21:29 IST" name="closeBrowser" finished-at="2024-09-06T14:21:30 IST" duration-ms="321" status="PASS">
          <reporter-output>
          </reporter-output>
        </test-method> <!-- closeBrowser -->
      </class> <!-- testCases.TC001_AccountRegistretionTest -->
      <class name="testCases.TC002_LoginTest">
        <test-method is-config="true" signature="initializeBrowser(java.lang.String,java.lang.String)[pri:0, instance:testCases.TC002_LoginTest@5bd03f44]" started-at="2024-09-06T14:21:30 IST" name="initializeBrowser" finished-at="2024-09-06T14:21:33 IST" duration-ms="3375" status="PASS">
          <params>
            <param index="0">
              <value>
                <![CDATA[windows]]>
              </value>
            </param>
            <param index="1">
              <value>
                <![CDATA[chrome]]>
              </value>
            </param>
          </params>
          <reporter-output>
          </reporter-output>
        </test-method> <!-- initializeBrowser -->
        <test-method signature="verify_Login()[pri:0, instance:testCases.TC002_LoginTest@5bd03f44]" started-at="2024-09-06T14:21:33 IST" name="verify_Login" finished-at="2024-09-06T14:21:35 IST" duration-ms="1893" status="PASS">
          <reporter-output>
          </reporter-output>
        </test-method> <!-- verify_Login -->
        <test-method is-config="true" signature="closeBrowser()[pri:0, instance:testCases.TC002_LoginTest@5bd03f44]" started-at="2024-09-06T14:21:35 IST" name="closeBrowser" finished-at="2024-09-06T14:21:35 IST" duration-ms="393" status="PASS">
          <reporter-output>
          </reporter-output>
        </test-method> <!-- closeBrowser -->
      </class> <!-- testCases.TC002_LoginTest -->
    </test> <!-- Test -->
  </suite> <!-- Master Suite -->
</testng-results>
